<?xml version="1.0" encoding="UTF-8"?>
<testsuite xmlns:xsi="http://www.w3.org/2001/XMLSchema-instance" xsi:noNamespaceSchemaLocation="https://maven.apache.org/surefire/maven-surefire-plugin/xsd/surefire-test-report.xsd" name="com.ylq.internships.InternshipsApplicationTests" time="14.052" tests="1" errors="0" skipped="0" failures="0">
  <properties>
    <property name="sun.desktop" value="windows"/>
    <property name="awt.toolkit" value="sun.awt.windows.WToolkit"/>
    <property name="file.encoding.pkg" value="sun.io"/>
    <property name="java.specification.version" value="1.8"/>
    <property name="sun.cpu.isalist" value="amd64"/>
    <property name="sun.jnu.encoding" value="GBK"/>
    <property name="java.class.path" value="E:\internships\new_internships\internships2019\internships\target\test-classes;E:\internships\new_internships\internships2019\internships\target\classes;D:\environment\repository\org\springframework\boot\spring-boot-starter-thymeleaf\2.1.4.RELEASE\spring-boot-starter-thymeleaf-2.1.4.RELEASE.jar;D:\environment\repository\org\springframework\boot\spring-boot-starter\2.1.4.RELEASE\spring-boot-starter-2.1.4.RELEASE.jar;D:\environment\repository\org\springframework\boot\spring-boot-starter-logging\2.1.4.RELEASE\spring-boot-starter-logging-2.1.4.RELEASE.jar;D:\environment\repository\ch\qos\logback\logback-classic\1.2.3\logback-classic-1.2.3.jar;D:\environment\repository\ch\qos\logback\logback-core\1.2.3\logback-core-1.2.3.jar;D:\environment\repository\org\apache\logging\log4j\log4j-to-slf4j\2.11.2\log4j-to-slf4j-2.11.2.jar;D:\environment\repository\org\apache\logging\log4j\log4j-api\2.11.2\log4j-api-2.11.2.jar;D:\environment\repository\org\slf4j\jul-to-slf4j\1.7.26\jul-to-slf4j-1.7.26.jar;D:\environment\repository\javax\annotation\javax.annotation-api\1.3.2\javax.annotation-api-1.3.2.jar;D:\environment\repository\org\yaml\snakeyaml\1.23\snakeyaml-1.23.jar;D:\environment\repository\org\thymeleaf\thymeleaf-spring5\3.0.11.RELEASE\thymeleaf-spring5-3.0.11.RELEASE.jar;D:\environment\repository\org\thymeleaf\thymeleaf\3.0.11.RELEASE\thymeleaf-3.0.11.RELEASE.jar;D:\environment\repository\org\attoparser\attoparser\2.0.5.RELEASE\attoparser-2.0.5.RELEASE.jar;D:\environment\repository\org\unbescape\unbescape\1.1.6.RELEASE\unbescape-1.1.6.RELEASE.jar;D:\environment\repository\org\slf4j\slf4j-api\1.7.26\slf4j-api-1.7.26.jar;D:\environment\repository\org\thymeleaf\extras\thymeleaf-extras-java8time\3.0.4.RELEASE\thymeleaf-extras-java8time-3.0.4.RELEASE.jar;D:\environment\repository\org\springframework\boot\spring-boot-starter-web\2.1.4.RELEASE\spring-boot-starter-web-2.1.4.RELEASE.jar;D:\environment\repository\org\springframework\boot\spring-boot-starter-json\2.1.4.RELEASE\spring-boot-starter-json-2.1.4.RELEASE.jar;D:\environment\repository\com\fasterxml\jackson\core\jackson-databind\2.9.8\jackson-databind-2.9.8.jar;D:\environment\repository\com\fasterxml\jackson\core\jackson-annotations\2.9.0\jackson-annotations-2.9.0.jar;D:\environment\repository\com\fasterxml\jackson\core\jackson-core\2.9.8\jackson-core-2.9.8.jar;D:\environment\repository\com\fasterxml\jackson\datatype\jackson-datatype-jdk8\2.9.8\jackson-datatype-jdk8-2.9.8.jar;D:\environment\repository\com\fasterxml\jackson\datatype\jackson-datatype-jsr310\2.9.8\jackson-datatype-jsr310-2.9.8.jar;D:\environment\repository\com\fasterxml\jackson\module\jackson-module-parameter-names\2.9.8\jackson-module-parameter-names-2.9.8.jar;D:\environment\repository\org\springframework\boot\spring-boot-starter-tomcat\2.1.4.RELEASE\spring-boot-starter-tomcat-2.1.4.RELEASE.jar;D:\environment\repository\org\apache\tomcat\embed\tomcat-embed-core\9.0.17\tomcat-embed-core-9.0.17.jar;D:\environment\repository\org\apache\tomcat\embed\tomcat-embed-el\9.0.17\tomcat-embed-el-9.0.17.jar;D:\environment\repository\org\apache\tomcat\embed\tomcat-embed-websocket\9.0.17\tomcat-embed-websocket-9.0.17.jar;D:\environment\repository\org\hibernate\validator\hibernate-validator\6.0.16.Final\hibernate-validator-6.0.16.Final.jar;D:\environment\repository\javax\validation\validation-api\2.0.1.Final\validation-api-2.0.1.Final.jar;D:\environment\repository\org\jboss\logging\jboss-logging\3.3.2.Final\jboss-logging-3.3.2.Final.jar;D:\environment\repository\com\fasterxml\classmate\1.4.0\classmate-1.4.0.jar;D:\environment\repository\org\springframework\spring-web\5.1.6.RELEASE\spring-web-5.1.6.RELEASE.jar;D:\environment\repository\org\springframework\spring-beans\5.1.6.RELEASE\spring-beans-5.1.6.RELEASE.jar;D:\environment\repository\org\springframework\spring-webmvc\5.1.6.RELEASE\spring-webmvc-5.1.6.RELEASE.jar;D:\environment\repository\org\springframework\spring-aop\5.1.6.RELEASE\spring-aop-5.1.6.RELEASE.jar;D:\environment\repository\org\springframework\spring-context\5.1.6.RELEASE\spring-context-5.1.6.RELEASE.jar;D:\environment\repository\org\springframework\spring-expression\5.1.6.RELEASE\spring-expression-5.1.6.RELEASE.jar;D:\environment\repository\org\mybatis\spring\boot\mybatis-spring-boot-starter\2.0.1\mybatis-spring-boot-starter-2.0.1.jar;D:\environment\repository\org\springframework\boot\spring-boot-starter-jdbc\2.1.4.RELEASE\spring-boot-starter-jdbc-2.1.4.RELEASE.jar;D:\environment\repository\com\zaxxer\HikariCP\3.2.0\HikariCP-3.2.0.jar;D:\environment\repository\org\springframework\spring-jdbc\5.1.6.RELEASE\spring-jdbc-5.1.6.RELEASE.jar;D:\environment\repository\org\springframework\spring-tx\5.1.6.RELEASE\spring-tx-5.1.6.RELEASE.jar;D:\environment\repository\org\mybatis\spring\boot\mybatis-spring-boot-autoconfigure\2.0.1\mybatis-spring-boot-autoconfigure-2.0.1.jar;D:\environment\repository\org\mybatis\mybatis\3.5.1\mybatis-3.5.1.jar;D:\environment\repository\org\mybatis\mybatis-spring\2.0.1\mybatis-spring-2.0.1.jar;D:\environment\repository\mysql\mysql-connector-java\8.0.15\mysql-connector-java-8.0.15.jar;D:\environment\repository\org\springframework\boot\spring-boot-starter-test\2.1.4.RELEASE\spring-boot-starter-test-2.1.4.RELEASE.jar;D:\environment\repository\org\springframework\boot\spring-boot-test\2.1.4.RELEASE\spring-boot-test-2.1.4.RELEASE.jar;D:\environment\repository\org\springframework\boot\spring-boot-test-autoconfigure\2.1.4.RELEASE\spring-boot-test-autoconfigure-2.1.4.RELEASE.jar;D:\environment\repository\com\jayway\jsonpath\json-path\2.4.0\json-path-2.4.0.jar;D:\environment\repository\net\minidev\json-smart\2.3\json-smart-2.3.jar;D:\environment\repository\net\minidev\accessors-smart\1.2\accessors-smart-1.2.jar;D:\environment\repository\org\ow2\asm\asm\5.0.4\asm-5.0.4.jar;D:\environment\repository\junit\junit\4.12\junit-4.12.jar;D:\environment\repository\org\assertj\assertj-core\3.11.1\assertj-core-3.11.1.jar;D:\environment\repository\org\mockito\mockito-core\2.23.4\mockito-core-2.23.4.jar;D:\environment\repository\net\bytebuddy\byte-buddy\1.9.12\byte-buddy-1.9.12.jar;D:\environment\repository\net\bytebuddy\byte-buddy-agent\1.9.12\byte-buddy-agent-1.9.12.jar;D:\environment\repository\org\objenesis\objenesis\2.6\objenesis-2.6.jar;D:\environment\repository\org\hamcrest\hamcrest-core\1.3\hamcrest-core-1.3.jar;D:\environment\repository\org\hamcrest\hamcrest-library\1.3\hamcrest-library-1.3.jar;D:\environment\repository\org\skyscreamer\jsonassert\1.5.0\jsonassert-1.5.0.jar;D:\environment\repository\com\vaadin\external\google\android-json\0.0.20131108.vaadin1\android-json-0.0.20131108.vaadin1.jar;D:\environment\repository\org\springframework\spring-core\5.1.6.RELEASE\spring-core-5.1.6.RELEASE.jar;D:\environment\repository\org\springframework\spring-jcl\5.1.6.RELEASE\spring-jcl-5.1.6.RELEASE.jar;D:\environment\repository\org\springframework\spring-test\5.1.6.RELEASE\spring-test-5.1.6.RELEASE.jar;D:\environment\repository\org\xmlunit\xmlunit-core\2.6.2\xmlunit-core-2.6.2.jar;D:\environment\repository\com\alibaba\druid\1.1.12\druid-1.1.12.jar;D:\environment\repository\com\github\pagehelper\pagehelper\4.1.6\pagehelper-4.1.6.jar;D:\environment\repository\com\github\jsqlparser\jsqlparser\0.9.5\jsqlparser-0.9.5.jar;D:\environment\repository\com\alibaba\fastjson\1.2.28\fastjson-1.2.28.jar;D:\environment\repository\org\apache\poi\poi\3.17\poi-3.17.jar;D:\environment\repository\commons-codec\commons-codec\1.11\commons-codec-1.11.jar;D:\environment\repository\org\apache\commons\commons-collections4\4.1\commons-collections4-4.1.jar;D:\environment\repository\org\apache\poi\poi-ooxml\3.17\poi-ooxml-3.17.jar;D:\environment\repository\org\apache\poi\poi-ooxml-schemas\3.17\poi-ooxml-schemas-3.17.jar;D:\environment\repository\org\apache\xmlbeans\xmlbeans\2.6.0\xmlbeans-2.6.0.jar;D:\environment\repository\stax\stax-api\1.0.1\stax-api-1.0.1.jar;D:\environment\repository\com\github\virtuald\curvesapi\1.04\curvesapi-1.04.jar;D:\environment\repository\org\springframework\boot\spring-boot-devtools\2.1.4.RELEASE\spring-boot-devtools-2.1.4.RELEASE.jar;D:\environment\repository\org\springframework\boot\spring-boot\2.1.4.RELEASE\spring-boot-2.1.4.RELEASE.jar;D:\environment\repository\org\springframework\boot\spring-boot-autoconfigure\2.1.4.RELEASE\spring-boot-autoconfigure-2.1.4.RELEASE.jar;"/>
    <property name="java.vm.vendor" value="Oracle Corporation"/>
    <property name="sun.arch.data.model" value="64"/>
    <property name="user.variant" value=""/>
    <property name="java.vendor.url" value="http://java.oracle.com/"/>
    <property name="user.timezone" value="Asia/Shanghai"/>
    <property name="java.vm.specification.version" value="1.8"/>
    <property name="os.name" value="Windows 10"/>
    <property name="user.country" value="CN"/>
    <property name="sun.java.launcher" value="SUN_STANDARD"/>
    <property name="sun.boot.library.path" value="C:\Program Files\Java\jdk1.8.0_131\jre\bin"/>
    <property name="sun.java.command" value="C:\Users\DELL\AppData\Local\Temp\surefire259246449349419714\surefirebooter9081810819956418447.jar C:\Users\DELL\AppData\Local\Temp\surefire259246449349419714 2019-04-29T09-09-13_995-jvmRun1 surefire5429598974681751744tmp surefire_06222689122263360673tmp"/>
    <property name="surefire.test.class.path" value="E:\internships\new_internships\internships2019\internships\target\test-classes;E:\internships\new_internships\internships2019\internships\target\classes;D:\environment\repository\org\springframework\boot\spring-boot-starter-thymeleaf\2.1.4.RELEASE\spring-boot-starter-thymeleaf-2.1.4.RELEASE.jar;D:\environment\repository\org\springframework\boot\spring-boot-starter\2.1.4.RELEASE\spring-boot-starter-2.1.4.RELEASE.jar;D:\environment\repository\org\springframework\boot\spring-boot-starter-logging\2.1.4.RELEASE\spring-boot-starter-logging-2.1.4.RELEASE.jar;D:\environment\repository\ch\qos\logback\logback-classic\1.2.3\logback-classic-1.2.3.jar;D:\environment\repository\ch\qos\logback\logback-core\1.2.3\logback-core-1.2.3.jar;D:\environment\repository\org\apache\logging\log4j\log4j-to-slf4j\2.11.2\log4j-to-slf4j-2.11.2.jar;D:\environment\repository\org\apache\logging\log4j\log4j-api\2.11.2\log4j-api-2.11.2.jar;D:\environment\repository\org\slf4j\jul-to-slf4j\1.7.26\jul-to-slf4j-1.7.26.jar;D:\environment\repository\javax\annotation\javax.annotation-api\1.3.2\javax.annotation-api-1.3.2.jar;D:\environment\repository\org\yaml\snakeyaml\1.23\snakeyaml-1.23.jar;D:\environment\repository\org\thymeleaf\thymeleaf-spring5\3.0.11.RELEASE\thymeleaf-spring5-3.0.11.RELEASE.jar;D:\environment\repository\org\thymeleaf\thymeleaf\3.0.11.RELEASE\thymeleaf-3.0.11.RELEASE.jar;D:\environment\repository\org\attoparser\attoparser\2.0.5.RELEASE\attoparser-2.0.5.RELEASE.jar;D:\environment\repository\org\unbescape\unbescape\1.1.6.RELEASE\unbescape-1.1.6.RELEASE.jar;D:\environment\repository\org\slf4j\slf4j-api\1.7.26\slf4j-api-1.7.26.jar;D:\environment\repository\org\thymeleaf\extras\thymeleaf-extras-java8time\3.0.4.RELEASE\thymeleaf-extras-java8time-3.0.4.RELEASE.jar;D:\environment\repository\org\springframework\boot\spring-boot-starter-web\2.1.4.RELEASE\spring-boot-starter-web-2.1.4.RELEASE.jar;D:\environment\repository\org\springframework\boot\spring-boot-starter-json\2.1.4.RELEASE\spring-boot-starter-json-2.1.4.RELEASE.jar;D:\environment\repository\com\fasterxml\jackson\core\jackson-databind\2.9.8\jackson-databind-2.9.8.jar;D:\environment\repository\com\fasterxml\jackson\core\jackson-annotations\2.9.0\jackson-annotations-2.9.0.jar;D:\environment\repository\com\fasterxml\jackson\core\jackson-core\2.9.8\jackson-core-2.9.8.jar;D:\environment\repository\com\fasterxml\jackson\datatype\jackson-datatype-jdk8\2.9.8\jackson-datatype-jdk8-2.9.8.jar;D:\environment\repository\com\fasterxml\jackson\datatype\jackson-datatype-jsr310\2.9.8\jackson-datatype-jsr310-2.9.8.jar;D:\environment\repository\com\fasterxml\jackson\module\jackson-module-parameter-names\2.9.8\jackson-module-parameter-names-2.9.8.jar;D:\environment\repository\org\springframework\boot\spring-boot-starter-tomcat\2.1.4.RELEASE\spring-boot-starter-tomcat-2.1.4.RELEASE.jar;D:\environment\repository\org\apache\tomcat\embed\tomcat-embed-core\9.0.17\tomcat-embed-core-9.0.17.jar;D:\environment\repository\org\apache\tomcat\embed\tomcat-embed-el\9.0.17\tomcat-embed-el-9.0.17.jar;D:\environment\repository\org\apache\tomcat\embed\tomcat-embed-websocket\9.0.17\tomcat-embed-websocket-9.0.17.jar;D:\environment\repository\org\hibernate\validator\hibernate-validator\6.0.16.Final\hibernate-validator-6.0.16.Final.jar;D:\environment\repository\javax\validation\validation-api\2.0.1.Final\validation-api-2.0.1.Final.jar;D:\environment\repository\org\jboss\logging\jboss-logging\3.3.2.Final\jboss-logging-3.3.2.Final.jar;D:\environment\repository\com\fasterxml\classmate\1.4.0\classmate-1.4.0.jar;D:\environment\repository\org\springframework\spring-web\5.1.6.RELEASE\spring-web-5.1.6.RELEASE.jar;D:\environment\repository\org\springframework\spring-beans\5.1.6.RELEASE\spring-beans-5.1.6.RELEASE.jar;D:\environment\repository\org\springframework\spring-webmvc\5.1.6.RELEASE\spring-webmvc-5.1.6.RELEASE.jar;D:\environment\repository\org\springframework\spring-aop\5.1.6.RELEASE\spring-aop-5.1.6.RELEASE.jar;D:\environment\repository\org\springframework\spring-context\5.1.6.RELEASE\spring-context-5.1.6.RELEASE.jar;D:\environment\repository\org\springframework\spring-expression\5.1.6.RELEASE\spring-expression-5.1.6.RELEASE.jar;D:\environment\repository\org\mybatis\spring\boot\mybatis-spring-boot-starter\2.0.1\mybatis-spring-boot-starter-2.0.1.jar;D:\environment\repository\org\springframework\boot\spring-boot-starter-jdbc\2.1.4.RELEASE\spring-boot-starter-jdbc-2.1.4.RELEASE.jar;D:\environment\repository\com\zaxxer\HikariCP\3.2.0\HikariCP-3.2.0.jar;D:\environment\repository\org\springframework\spring-jdbc\5.1.6.RELEASE\spring-jdbc-5.1.6.RELEASE.jar;D:\environment\repository\org\springframework\spring-tx\5.1.6.RELEASE\spring-tx-5.1.6.RELEASE.jar;D:\environment\repository\org\mybatis\spring\boot\mybatis-spring-boot-autoconfigure\2.0.1\mybatis-spring-boot-autoconfigure-2.0.1.jar;D:\environment\repository\org\mybatis\mybatis\3.5.1\mybatis-3.5.1.jar;D:\environment\repository\org\mybatis\mybatis-spring\2.0.1\mybatis-spring-2.0.1.jar;D:\environment\repository\mysql\mysql-connector-java\8.0.15\mysql-connector-java-8.0.15.jar;D:\environment\repository\org\springframework\boot\spring-boot-starter-test\2.1.4.RELEASE\spring-boot-starter-test-2.1.4.RELEASE.jar;D:\environment\repository\org\springframework\boot\spring-boot-test\2.1.4.RELEASE\spring-boot-test-2.1.4.RELEASE.jar;D:\environment\repository\org\springframework\boot\spring-boot-test-autoconfigure\2.1.4.RELEASE\spring-boot-test-autoconfigure-2.1.4.RELEASE.jar;D:\environment\repository\com\jayway\jsonpath\json-path\2.4.0\json-path-2.4.0.jar;D:\environment\repository\net\minidev\json-smart\2.3\json-smart-2.3.jar;D:\environment\repository\net\minidev\accessors-smart\1.2\accessors-smart-1.2.jar;D:\environment\repository\org\ow2\asm\asm\5.0.4\asm-5.0.4.jar;D:\environment\repository\junit\junit\4.12\junit-4.12.jar;D:\environment\repository\org\assertj\assertj-core\3.11.1\assertj-core-3.11.1.jar;D:\environment\repository\org\mockito\mockito-core\2.23.4\mockito-core-2.23.4.jar;D:\environment\repository\net\bytebuddy\byte-buddy\1.9.12\byte-buddy-1.9.12.jar;D:\environment\repository\net\bytebuddy\byte-buddy-agent\1.9.12\byte-buddy-agent-1.9.12.jar;D:\environment\repository\org\objenesis\objenesis\2.6\objenesis-2.6.jar;D:\environment\repository\org\hamcrest\hamcrest-core\1.3\hamcrest-core-1.3.jar;D:\environment\repository\org\hamcrest\hamcrest-library\1.3\hamcrest-library-1.3.jar;D:\environment\repository\org\skyscreamer\jsonassert\1.5.0\jsonassert-1.5.0.jar;D:\environment\repository\com\vaadin\external\google\android-json\0.0.20131108.vaadin1\android-json-0.0.20131108.vaadin1.jar;D:\environment\repository\org\springframework\spring-core\5.1.6.RELEASE\spring-core-5.1.6.RELEASE.jar;D:\environment\repository\org\springframework\spring-jcl\5.1.6.RELEASE\spring-jcl-5.1.6.RELEASE.jar;D:\environment\repository\org\springframework\spring-test\5.1.6.RELEASE\spring-test-5.1.6.RELEASE.jar;D:\environment\repository\org\xmlunit\xmlunit-core\2.6.2\xmlunit-core-2.6.2.jar;D:\environment\repository\com\alibaba\druid\1.1.12\druid-1.1.12.jar;D:\environment\repository\com\github\pagehelper\pagehelper\4.1.6\pagehelper-4.1.6.jar;D:\environment\repository\com\github\jsqlparser\jsqlparser\0.9.5\jsqlparser-0.9.5.jar;D:\environment\repository\com\alibaba\fastjson\1.2.28\fastjson-1.2.28.jar;D:\environment\repository\org\apache\poi\poi\3.17\poi-3.17.jar;D:\environment\repository\commons-codec\commons-codec\1.11\commons-codec-1.11.jar;D:\environment\repository\org\apache\commons\commons-collections4\4.1\commons-collections4-4.1.jar;D:\environment\repository\org\apache\poi\poi-ooxml\3.17\poi-ooxml-3.17.jar;D:\environment\repository\org\apache\poi\poi-ooxml-schemas\3.17\poi-ooxml-schemas-3.17.jar;D:\environment\repository\org\apache\xmlbeans\xmlbeans\2.6.0\xmlbeans-2.6.0.jar;D:\environment\repository\stax\stax-api\1.0.1\stax-api-1.0.1.jar;D:\environment\repository\com\github\virtuald\curvesapi\1.04\curvesapi-1.04.jar;D:\environment\repository\org\springframework\boot\spring-boot-devtools\2.1.4.RELEASE\spring-boot-devtools-2.1.4.RELEASE.jar;D:\environment\repository\org\springframework\boot\spring-boot\2.1.4.RELEASE\spring-boot-2.1.4.RELEASE.jar;D:\environment\repository\org\springframework\boot\spring-boot-autoconfigure\2.1.4.RELEASE\spring-boot-autoconfigure-2.1.4.RELEASE.jar;"/>
    <property name="sun.cpu.endian" value="little"/>
    <property name="user.home" value="C:\Users\DELL"/>
    <property name="user.language" value="zh"/>
    <property name="java.specification.vendor" value="Oracle Corporation"/>
    <property name="java.home" value="C:\Program Files\Java\jdk1.8.0_131\jre"/>
    <property name="basedir" value="E:\internships\new_internships\internships2019\internships"/>
    <property name="file.separator" value="\"/>
    <property name="line.separator" value="&#10;"/>
    <property name="java.vm.specification.vendor" value="Oracle Corporation"/>
    <property name="java.specification.name" value="Java Platform API Specification"/>
    <property name="java.awt.graphicsenv" value="sun.awt.Win32GraphicsEnvironment"/>
    <property name="surefire.real.class.path" value="C:\Users\DELL\AppData\Local\Temp\surefire259246449349419714\surefirebooter9081810819956418447.jar"/>
    <property name="sun.boot.class.path" value="C:\Program Files\Java\jdk1.8.0_131\jre\lib\resources.jar;C:\Program Files\Java\jdk1.8.0_131\jre\lib\rt.jar;C:\Program Files\Java\jdk1.8.0_131\jre\lib\sunrsasign.jar;C:\Program Files\Java\jdk1.8.0_131\jre\lib\jsse.jar;C:\Program Files\Java\jdk1.8.0_131\jre\lib\jce.jar;C:\Program Files\Java\jdk1.8.0_131\jre\lib\charsets.jar;C:\Program Files\Java\jdk1.8.0_131\jre\lib\jfr.jar;C:\Program Files\Java\jdk1.8.0_131\jre\classes"/>
    <property name="user.script" value=""/>
    <property name="sun.management.compiler" value="HotSpot 64-Bit Tiered Compilers"/>
    <property name="java.runtime.version" value="1.8.0_131-b11"/>
    <property name="user.name" value="DELL"/>
    <property name="path.separator" value=";"/>
    <property name="os.version" value="10.0"/>
    <property name="java.endorsed.dirs" value="C:\Program Files\Java\jdk1.8.0_131\jre\lib\endorsed"/>
    <property name="java.runtime.name" value="Java(TM) SE Runtime Environment"/>
    <property name="file.encoding" value="GBK"/>
    <property name="java.vm.name" value="Java HotSpot(TM) 64-Bit Server VM"/>
    <property name="localRepository" value="D:\environment\repository"/>
    <property name="java.vendor.url.bug" value="http://bugreport.sun.com/bugreport/"/>
    <property name="java.io.tmpdir" value="C:\Users\DELL\AppData\Local\Temp\"/>
    <property name="idea.version" value="2018.3.5"/>
    <property name="java.version" value="1.8.0_131"/>
    <property name="user.dir" value="E:\internships\new_internships\internships2019\internships"/>
    <property name="os.arch" value="amd64"/>
    <property name="java.vm.specification.name" value="Java Virtual Machine Specification"/>
    <property name="java.awt.printerjob" value="sun.awt.windows.WPrinterJob"/>
    <property name="sun.os.patch.level" value=""/>
    <property name="java.library.path" value="C:\Program Files\Java\jdk1.8.0_131\jre\bin;C:\WINDOWS\Sun\Java\bin;C:\WINDOWS\system32;C:\WINDOWS;D:\mingw32\bin;F:\android adk；\tools;C:\Program Files\Microsoft VS Code\bin;F:\android adk\platform-tools;E:\Python\Python37;D:\Git\cmd;C:\Program Files (x86)\Microsoft SQL Server\110\DTS\Binn\;C:\Program Files (x86)\Microsoft SQL Server\110\Tools\Binn\;C:\Program Files (x86)\Microsoft SQL Server\110\Tools\Binn\ManagementStudio\;C:\Program Files (x86)\Microsoft Visual Studio 10.0\Common7\IDE\PrivateAssemblies\;E:\MinGW\bin;C:\Program Files\Java\jdk1.8.0_131\bin;E:\SVN\bin;E:\TortoiseSVN\bin;E:\VisualSVN\bin;D:\Git\cmd;C:\Program Files (x86)\Microsoft SQL Server\110\DTS\Binn\;C:\Program Files (x86)\Microsoft SQL Server\110\Tools\Binn\ManagementStudio\;C:\Program Files (x86)\Microsoft SQL Server\110\Tools\Binn\;C:\Program Files (x86)\Microsoft Visual Studio 10.0\Common7\IDE\PrivateAssemblies\;%TALINA_HOME%\bin\;D:\apache-maven-3.6.0\bin;&quot;C:\Program Files\Java\jre1.8.0_162\bin;&quot;;&quot;C:\Program Files\Java\jdk1.8.0_131;\jre\lib\rt.jar;,;&quot;;&quot;C:\Program Files\Java\jdk1.8.0_131\bin;&quot;;&quot;E:\Anaconda;&quot;;&quot;E:\Anaconda\Library\mingw-w64\bin;&quot;;&quot;E:\Anaconda\Library\usr\bin;&quot;;&quot;E:\Anaconda\Library\bin;&quot;;&quot;E:\Anaconda\Scripts;&quot;;&quot;C:\Users\DELL\AppData\Local\Microsoft\WindowsApps;&quot;;&quot;E:\Python\Python37;&quot;;&quot;F:\android adk\platform-tools;&quot;;&quot;E:\MinGW\bin;&quot;;C:\Users\DELL\AppData\Local\GitHubDesktop\bin;D:\IntelliJ IDEA 2018.3.5\bin;;."/>
    <property name="java.vm.info" value="mixed mode"/>
    <property name="java.vendor" value="Oracle Corporation"/>
    <property name="java.vm.version" value="25.131-b11"/>
    <property name="java.ext.dirs" value="C:\Program Files\Java\jdk1.8.0_131\jre\lib\ext;C:\WINDOWS\Sun\Java\lib\ext"/>
    <property name="sun.io.unicode.encoding" value="UnicodeLittle"/>
    <property name="maven.repo.local" value="D:\environment\repository"/>
    <property name="java.class.version" value="52.0"/>
  </properties>
  <testcase name="contextLoads" classname="com.ylq.internships.InternshipsApplicationTests" time="1.416"/>
</testsuite>